0 info it worked if it ends with ok
1 verbose cli [ 'C:\\Program Files\\nodejs\\node.exe',
1 verbose cli   'C:\\Program Files\\nodejs\\node_modules\\npm\\bin\\npm-cli.js',
1 verbose cli   'install',
1 verbose cli   '-g',
1 verbose cli   'n' ]
2 info using npm@5.5.1
3 info using node@v8.9.0
4 verbose npm-session 16d7244198df79ac
5 silly install loadCurrentTree
6 silly install readGlobalPackageData
7 http fetch GET 200 https://registry.npmjs.org/n 697ms
8 http fetch GET 200 https://registry.npmjs.org/n/-/n-7.0.0.tgz 47ms
9 silly pacote tag manifest for n@latest fetched in 796ms
10 silly install loadIdealTree
11 silly install cloneCurrentTreeToIdealTree
12 silly install loadShrinkwrap
13 silly install loadAllDepsIntoIdealTree
14 verbose stack Error: Unsupported platform for n@7.0.0: wanted {"name":"n","version":"7.0.0","engines":{"node":"*"},"os":["!win32"],"dependencies":{},"optionalDependencies":{},"devDependencies":{"bats":"^1.1.0"},"bundleDependencies":false,"peerDependencies":{},"deprecated":false,"_resolved":"https://registry.npmjs.org/n/-/n-7.0.0.tgz","_integrity":"sha512-OOfwnaMCToX3zRwhrNGMZNOdSyprPzhmdiunLjui+7NWDG9SDLp4KszqqwHOLq7+HZJ8NLdUvJ0pzrfGJ9FDVg==","_shasum":"193aa6a09be53811321547cfa3134dff72e41e6a","_shrinkwrap":null,"bin":{"n":"bin/n"},"_id":"n@7.0.0","_from":"n","_requested":{"type":"tag","registry":true,"raw":"n","name":"n","escapedName":"n","rawSpec":"","saveSpec":null,"fetchSpec":"latest"},"_spec":"n","_where":"C:\\Users\\Andrew\\Documents\\thirsty.io"} (current: {"os":"win32","cpu":"x64"})
14 verbose stack     at checkPlatform (C:\Program Files\nodejs\node_modules\npm\node_modules\npm-install-checks\index.js:45:14)
14 verbose stack     at thenWarnEngineIssues (C:\Program Files\nodejs\node_modules\npm\lib\install\validate-args.js:52:5)
14 verbose stack     at C:\Program Files\nodejs\node_modules\npm\node_modules\iferr\index.js:13:50
14 verbose stack     at checkEngine (C:\Program Files\nodejs\node_modules\npm\node_modules\npm-install-checks\index.js:24:10)
14 verbose stack     at module.exports.isInstallable (C:\Program Files\nodejs\node_modules\npm\lib\install\validate-args.js:49:3)
14 verbose stack     at Array.<anonymous> (C:\Program Files\nodejs\node_modules\npm\node_modules\slide\lib\bind-actor.js:15:8)
14 verbose stack     at LOOP (C:\Program Files\nodejs\node_modules\npm\node_modules\slide\lib\chain.js:15:14)
14 verbose stack     at C:\Program Files\nodejs\node_modules\npm\node_modules\slide\lib\chain.js:18:7
14 verbose stack     at checkSelf (C:\Program Files\nodejs\node_modules\npm\lib\install\validate-args.js:57:72)
14 verbose stack     at Array.<anonymous> (C:\Program Files\nodejs\node_modules\npm\node_modules\slide\lib\bind-actor.js:15:8)
14 verbose stack     at LOOP (C:\Program Files\nodejs\node_modules\npm\node_modules\slide\lib\chain.js:15:14)
14 verbose stack     at C:\Program Files\nodejs\node_modules\npm\node_modules\slide\lib\chain.js:18:7
14 verbose stack     at hasMinimumFields (C:\Program Files\nodejs\node_modules\npm\lib\install\validate-args.js:30:12)
14 verbose stack     at Array.<anonymous> (C:\Program Files\nodejs\node_modules\npm\node_modules\slide\lib\bind-actor.js:15:8)
14 verbose stack     at LOOP (C:\Program Files\nodejs\node_modules\npm\node_modules\slide\lib\chain.js:15:14)
14 verbose stack     at chain (C:\Program Files\nodejs\node_modules\npm\node_modules\slide\lib\chain.js:20:5)
15 verbose pkgid n@7.0.0
16 verbose cwd C:\Users\Andrew\Documents\thirsty.io
17 verbose Windows_NT 10.0.18362
18 verbose argv "C:\\Program Files\\nodejs\\node.exe" "C:\\Program Files\\nodejs\\node_modules\\npm\\bin\\npm-cli.js" "install" "-g" "n"
19 verbose node v8.9.0
20 verbose npm  v5.5.1
21 error code EBADPLATFORM
22 error notsup Unsupported platform for n@7.0.0: wanted {"os":"!win32","arch":"any"} (current: {"os":"win32","arch":"x64"})
23 error notsup Valid OS:    !win32
23 error notsup Valid Arch:  any
23 error notsup Actual OS:   win32
23 error notsup Actual Arch: x64
24 verbose exit [ 1, true ]
